<?xml version="1.0" encoding="UTF-8"?>
<testng-results ignored="0" total="1" passed="1" failed="0" skipped="0">
  <reporter-output>
  </reporter-output>
  <suite started-at="2021-05-12T08:49:09 IST" name="Default suite" finished-at="2021-05-12T08:49:16 IST" duration-ms="7015">
    <groups>
    </groups>
    <test started-at="2021-05-12T08:49:09 IST" name="Default test" finished-at="2021-05-12T08:49:16 IST" duration-ms="7015">
      <class name="com.demo.test.SpecBuilderTest">
        <test-method signature="serializeTest()[pri:0, instance:com.demo.test.SpecBuilderTest@498d318c]" started-at="2021-05-12T08:49:09 IST" name="serializeTest" finished-at="2021-05-12T08:49:16 IST" duration-ms="6915" status="PASS">
          <reporter-output>
          </reporter-output>
        </test-method> <!-- serializeTest -->
      </class> <!-- com.demo.test.SpecBuilderTest -->
    </test> <!-- Default test -->
  </suite> <!-- Default suite -->
</testng-results>
